<?xml version="1.0" encoding="UTF-8"?>
<!-- Generated by org.testng.reporters.JUnitReportReporter -->
<testsuite hostname="LAPTOP-KSSI94B9" failures="0" tests="1" name="seleniumBasics.TestNG_annotations" time="0.008" errors="0" timestamp="2025-03-05T11:35:57 IST" skipped="0">
  <testcase classname="seleniumBasics.TestNG_annotations" name="testCase1" time="0.008"/>
</testsuite> <!-- seleniumBasics.TestNG_annotations -->
